<?xml version="1.0" encoding="UTF-8"?>
<!-- Generated by org.testng.reporters.JUnitXMLReporter -->
<testsuite hostname="DESKTOP-JGLRBKR" ignored="2" name="Test" tests="4" failures="4" timestamp="2021-12-27T11:59:38 IST" time="3.562" errors="0">
  <testcase name="createMailMergeTemplateWithModuleOrganization" time="3.147" classname="com.crm.autodesk.contactsTest.CreateMailMergeTemplateWithModuleOrganization">
    <failure type="java.lang.NullPointerException">
      <![CDATA[java.lang.NullPointerException
at org.openqa.selenium.support.pagefactory.DefaultElementLocator.findElement(DefaultElementLocator.java:69)
at org.openqa.selenium.support.pagefactory.internal.LocatingElementHandler.invoke(LocatingElementHandler.java:38)
at com.sun.proxy.$Proxy13.click(Unknown Source)
at com.crm.autodesk.ObjectRepository.HomePage.clickContactsLink(HomePage.java:57)
at com.crm.autodesk.contactsTest.CreateMailMergeTemplateWithModuleOrganization.createMailMergeTemplateWithModuleOrganization(CreateMailMergeTemplateWithModuleOrganization.java:21)
at java.util.ArrayList.forEach(Unknown Source)
... Removed 27 stack frames]]>
    </failure>
  </testcase> <!-- createMailMergeTemplateWithModuleOrganization -->
  <testcase name="createContactswithOrganizationTest" time="0.122" classname="com.crm.autodesk.contactsTest.CreateContactswithOrganizationTest">
    <failure type="java.lang.NullPointerException">
      <![CDATA[java.lang.NullPointerException
at org.openqa.selenium.support.pagefactory.DefaultElementLocator.findElement(DefaultElementLocator.java:69)
at org.openqa.selenium.support.pagefactory.internal.LocatingElementHandler.invoke(LocatingElementHandler.java:38)
at com.sun.proxy.$Proxy13.click(Unknown Source)
at com.crm.autodesk.ObjectRepository.HomePage.clicOrganizationsLink(HomePage.java:62)
at com.crm.autodesk.contactsTest.CreateContactswithOrganizationTest.createContactswithOrganizationTest(CreateContactswithOrganizationTest.java:30)
at java.util.ArrayList.forEach(Unknown Source)
... Removed 27 stack frames]]>
    </failure>
  </testcase> <!-- createContactswithOrganizationTest -->
  <testcase name="cancelButtonsEnabledOrNotTest" time="0.055" classname="com.crm.autodesk.contactsTest.CancelButtonsEnableOrNot">
    <failure type="java.lang.NullPointerException">
      <![CDATA[java.lang.NullPointerException
at org.openqa.selenium.support.pagefactory.DefaultElementLocator.findElement(DefaultElementLocator.java:69)
at org.openqa.selenium.support.pagefactory.internal.LocatingElementHandler.invoke(LocatingElementHandler.java:38)
at com.sun.proxy.$Proxy13.click(Unknown Source)
at com.crm.autodesk.ObjectRepository.HomePage.clickContactsLink(HomePage.java:57)
at com.crm.autodesk.contactsTest.CancelButtonsEnableOrNot.cancelButtonsEnabledOrNotTest(CancelButtonsEnableOrNot.java:23)
at java.util.ArrayList.forEach(Unknown Source)
... Removed 27 stack frames]]>
    </failure>
  </testcase> <!-- cancelButtonsEnabledOrNotTest -->
  <testcase name="createOrgwithIndustryandTypeTest" time="0.103" classname="com.crm.autodesk.OrgTest.CreateOrgwithIndustryandTypeTest">
    <failure type="java.lang.NullPointerException">
      <![CDATA[java.lang.NullPointerException
at org.openqa.selenium.support.pagefactory.DefaultElementLocator.findElement(DefaultElementLocator.java:69)
at org.openqa.selenium.support.pagefactory.internal.LocatingElementHandler.invoke(LocatingElementHandler.java:38)
at com.sun.proxy.$Proxy13.click(Unknown Source)
at com.crm.autodesk.ObjectRepository.HomePage.clicOrganizationsLink(HomePage.java:62)
at com.crm.autodesk.OrgTest.CreateOrgwithIndustryandTypeTest.createOrgwithIndustryandTypeTest(CreateOrgwithIndustryandTypeTest.java:30)
at java.util.ArrayList.forEach(Unknown Source)
... Removed 27 stack frames]]>
    </failure>
  </testcase> <!-- createOrgwithIndustryandTypeTest -->
  <testcase name="createContactsTest" time="0.0" classname="com.crm.autodesk.contactsTest.CreateContactsTest">
    <ignored/>
  </testcase> <!-- createContactsTest -->
  <testcase name="createOrganizationTest" time="0.0" classname="com.crm.autodesk.OrgTest.CreateOrganizationTest">
    <ignored/>
  </testcase> <!-- createOrganizationTest -->
</testsuite> <!-- Test -->
